1578376117790	mozrunner::runner	INFO	Running command: "C:\\Program Files (x86)\\Mozilla Firefox\\firefox.exe" "-marionette" "-foreground" "-no-remote" "-profile" "C:\\Users\\Yami\\AppData\\Local\\Temp\\rust_mozprofilemJQdtW"
1578376118734	addons.webextension.screenshots@mozilla.org	WARN	Loading extension 'screenshots@mozilla.org': Reading manifest: Invalid extension permission: mozillaAddons
1578376118735	addons.webextension.screenshots@mozilla.org	WARN	Loading extension 'screenshots@mozilla.org': Reading manifest: Invalid extension permission: telemetry
1578376118735	addons.webextension.screenshots@mozilla.org	WARN	Loading extension 'screenshots@mozilla.org': Reading manifest: Invalid extension permission: resource://pdf.js/
1578376118750	addons.webextension.screenshots@mozilla.org	WARN	Loading extension 'screenshots@mozilla.org': Reading manifest: Invalid extension permission: about:reader*
JavaScript error: resource://gre/modules/XULStore.jsm, line 66: Error: Can't find profile directory.
1578376124264	Marionette	INFO	Listening on port 29155
1578376124314	Marionette	WARN	TLS certificate errors will be ignored for this session
[Parent 8668, Gecko_IOThread] WARNING: file z:/task_1575281455/build/src/ipc/chromium/src/chrome/common/ipc_channel_win.cc, line 307
[Parent 8668, Gecko_IOThread] WARNING: file z:/task_1575281455/build/src/ipc/chromium/src/chrome/common/ipc_channel_win.cc, line 307
[Child 4920, Chrome_ChildThread] WARNING: pipe error: 109: file z:/task_1575281455/build/src/ipc/chromium/src/chrome/common/ipc_channel_win.cc, line 341
[Child 4920, Chrome_ChildThread] WARNING: pipe error: 109: file z:/task_1575281455/build/src/ipc/chromium/src/chrome/common/ipc_channel_win.cc, line 341
[Child 8780, Chrome_ChildThread] WARNING: pipe error: 109: file z:/task_1575281455/build/src/ipc/chromium/src/chrome/common/ipc_channel_win.cc, line 341
[Child 8780, Chrome_ChildThread] WARNING: pipe error: 109: file z:/task_1575281455/build/src/ipc/chromium/src/chrome/common/ipc_channel_win.cc, line 341
JavaScript error: , line 0: AbortError: A request was aborted, for example through a call to IDBTransaction.abort.
1578376460250	Marionette	INFO	Stopped listening on port 29155

###!!! [Child][RunMessage] Error: Channel closing: too late to send/recv, messages will be lost

[GPU 5068, Chrome_ChildThread] WARNING: pipe error: 109: file z:/task_1575281455/build/src/ipc/chromium/src/chrome/common/ipc_channel_win.cc, line 341

###!!! [Child][MessageChannel::SendAndWait] Error: Channel error: cannot send/recv

1578376472032	mozrunner::runner	INFO	Running command: "C:\\Program Files (x86)\\Mozilla Firefox\\firefox.exe" "-marionette" "-foreground" "-no-remote" "-profile" "C:\\Users\\Yami\\AppData\\Local\\Temp\\rust_mozprofilev5MXJF"
1578376473087	addons.webextension.screenshots@mozilla.org	WARN	Loading extension 'screenshots@mozilla.org': Reading manifest: Invalid extension permission: mozillaAddons
1578376473087	addons.webextension.screenshots@mozilla.org	WARN	Loading extension 'screenshots@mozilla.org': Reading manifest: Invalid extension permission: telemetry
1578376473088	addons.webextension.screenshots@mozilla.org	WARN	Loading extension 'screenshots@mozilla.org': Reading manifest: Invalid extension permission: resource://pdf.js/
1578376473088	addons.webextension.screenshots@mozilla.org	WARN	Loading extension 'screenshots@mozilla.org': Reading manifest: Invalid extension permission: about:reader*
JavaScript error: resource://gre/modules/XULStore.jsm, line 66: Error: Can't find profile directory.
1578376479196	Marionette	INFO	Listening on port 29333
1578376479651	Marionette	WARN	TLS certificate errors will be ignored for this session
[Parent 3016, Gecko_IOThread] WARNING: file z:/task_1575281455/build/src/ipc/chromium/src/chrome/common/ipc_channel_win.cc, line 307
[Parent 3016, Gecko_IOThread] WARNING: file z:/task_1575281455/build/src/ipc/chromium/src/chrome/common/ipc_channel_win.cc, line 307
[Child 7688, Chrome_ChildThread] WARNING: pipe error: 109: file z:/task_1575281455/build/src/ipc/chromium/src/chrome/common/ipc_channel_win.cc, line 341
[Child 7688, Chrome_ChildThread] WARNING: pipe error: 109: file z:/task_1575281455/build/src/ipc/chromium/src/chrome/common/ipc_channel_win.cc, line 341
IPDL protocol error: Handler returned error code!

###!!! [Parent][DispatchAsyncMessage] Error: PLayerTransaction::Msg_ReleaseLayer Processing error: message was deserialized, but the handler returned false (indicating failure)

IPDL protocol error: Handler returned error code!

###!!! [Parent][DispatchAsyncMessage] Error: PLayerTransaction::Msg_ReleaseLayer Processing error: message was deserialized, but the handler returned false (indicating failure)

[Child 5472, Chrome_ChildThread] WARNING: pipe error: 109: file z:/task_1575281455/build/src/ipc/chromium/src/chrome/common/ipc_channel_win.cc, line 341
[Child 5472, Chrome_ChildThread] WARNING: pipe error: 109: file z:/task_1575281455/build/src/ipc/chromium/src/chrome/common/ipc_channel_win.cc, line 341
JavaScript error: , line 0: AbortError: A request was aborted, for example through a call to IDBTransaction.abort.
1578376715981	Marionette	INFO	Stopped listening on port 29333

###!!! [Child][RunMessage] Error: Channel closing: too late to send/recv, messages will be lost

[GPU 9916, Chrome_ChildThread] WARNING: pipe error: 109: file z:/task_1575281455/build/src/ipc/chromium/src/chrome/common/ipc_channel_win.cc, line 341

###!!! [Child][MessageChannel::SendAndWait] Error: Channel error: cannot send/recv

